[02-13 18:28:21]: ESXiController - DatabaseInterface INFO                 Starting the mongdb daemon.
[02-13 18:28:21]: ESXiController - DatabaseInterface INFO                 The mongdb daemon started.
[02-13 18:28:39]: ESXiController - DatabaseInterface INFO                 Starting the mongdb daemon.
[02-13 18:28:39]: ESXiController - DatabaseInterface INFO                 The mongdb daemon started.
[02-13 18:29:07]: ESXiController - DatabaseInterface INFO                 Starting the mongdb daemon.
[02-13 18:29:07]: ESXiController - DatabaseInterface INFO                 The mongdb daemon started.
[02-13 18:29:32]: ESXiController - DatabaseInterface INFO                 Starting the mongdb daemon.
[02-13 18:29:32]: ESXiController - DatabaseInterface INFO                 The mongdb daemon started.
[02-13 18:29:49]: ESXiController - DatabaseInterface INFO                 Starting the mongdb daemon.
[02-13 18:29:50]: ESXiController - DatabaseInterface INFO                 The mongdb daemon started.
[02-13 18:30:34]: ESXiController - DatabaseInterface INFO                 Starting the mongdb daemon.
[02-13 18:30:34]: ESXiController - DatabaseInterface INFO                 The mongdb daemon started.
[02-13 18:30:54]: ESXiController - DatabaseInterface INFO                 Starting the mongdb daemon.
[02-13 18:30:54]: ESXiController - DatabaseInterface INFO                 The mongdb daemon started.
[02-13 18:31:15]: ESXiController - DatabaseInterface INFO                 Starting the mongdb daemon.
[02-13 18:31:16]: ESXiController - DatabaseInterface INFO                 The mongdb daemon started.
[02-13 18:31:28]: ESXiController - DatabaseInterface INFO                 Starting the mongdb daemon.
[02-13 18:33:16]: ESXiController - DatabaseInterface INFO                 Starting the mongdb daemon.
[02-13 18:34:33]: ESXiController - DatabaseInterface INFO                 Starting the mongdb daemon.
[02-13 18:34:33]: ESXiController - DatabaseInterface INFO                 The mongdb daemon started.
[02-13 18:36:19]: ESXiController - DatabaseInterface INFO                 Starting the mongdb daemon.
[02-13 18:36:19]: ESXiController - DatabaseInterface INFO                 The mongdb daemon started.
[02-13 18:36:21]: ESXiController - DatabaseInterface INFO                 Connected to the localhost server.
[02-13 18:36:21]: ESXiController - DatabaseInterface INFO                 Added a database: esxiControllerConfigs
[02-13 18:36:21]: ESXiController - DatabaseInterface INFO                 Added a collection: favorite-config
[02-13 18:36:21]: ESXiController - DatabaseInterface INFO                 Added a collection: config-indexes
[02-13 18:39:38]: ESXiController - DatabaseInterface INFO                 Starting the mongdb daemon.
[02-13 18:41:04]: ESXiController - DatabaseInterface INFO                 Starting the mongdb daemon.
[02-13 18:41:04]: ESXiController - DatabaseInterface INFO                 The mongdb daemon started.
[02-13 18:41:06]: ESXiController - DatabaseInterface INFO                 Connected to the localhost server.
[02-13 18:41:06]: ESXiController - DatabaseInterface INFO                 Added a database: esxiControllerConfigs
[02-13 21:35:05]: ESXiController - DatabaseInterface INFO                 Starting the mongdb daemon.
[02-13 21:35:05]: ESXiController - DatabaseInterface INFO                 The mongdb daemon started.
[02-13 21:35:07]: ESXiController - DatabaseInterface INFO                 Connected to the localhost server.
[02-13 21:35:07]: ESXiController - DatabaseInterface INFO                 Added a database: esxiControllerConfigs
[02-13 21:35:08]: ESXiController - DatabaseInterface INFO                 Added a collection: favorite-config
[02-13 21:35:08]: ESXiController - DatabaseInterface INFO                 Added a collection: config-indexes
[02-13 21:35:08]: ESXiController - DatabaseInterface INFO                 Added a collection: attack-configs
[02-13 21:35:08]: ESXiController - DatabaseInterface INFO                 Added a collection: analysis-configs
[02-13 21:35:08]: ESXiController - DatabaseInterface INFO                 Added a collection: home-configs
