[02-16 00:56:59]: ESXiController - VmConfigDatabase INFO                 Connecting to the mongoDB instance.
[02-16 00:56:59]: ESXiController - DatabaseInterface INFO                 Starting the mongdb daemon.
[02-16 00:56:59]: ESXiController - DatabaseInterface INFO                 The mongdb daemon started.
[02-16 00:57:01]: ESXiController - DatabaseInterface INFO                 Connected to the localhost server.
[02-16 00:57:01]: ESXiController - DatabaseInterface INFO                 Added a database: esxiControllerConfigs
[02-16 00:57:05]: ESXiController - VmConfigFile INFO                 Created a config parser object.
[02-16 00:57:05]: ESXiController - VmConfigFile INFO                 Reading table of configurations.
[02-16 00:57:05]: ESXiController - VmConfigFile INFO                 Loaded the possible configurations.
[02-16 00:57:05]: ESXiController - VmConfigFile INFO                 
 ========================================================== 
[+] name:           default
[+] created:        02/12/2015
[+] location:       configurations/malware_template.conf

 ========================================================== 

[02-16 00:57:05]: ESXiController - VmConfigFile INFO                 Current favorite set to: default
[02-16 00:57:11]: ESXiController - VmConfigFile INFO                 Read the config file: configurations/malware_template.conf
[02-16 00:57:11]: ESXiController - VmConfigFile INFO                 File size:      9409

[02-16 00:57:11]: ESXiController - VmConfigFile INFO                 Section read: attributes
[02-16 00:57:11]: ESXiController - VmConfigFile INFO                 Section read: controller
[02-16 00:57:11]: ESXiController - VmConfigFile INFO                 Section read: cuckoo-analytics
[02-16 00:57:11]: ESXiController - VmConfigFile INFO                 Section read: remnux-analytics
[02-16 00:57:11]: ESXiController - VmConfigFile INFO                 Section read: security-analytics
[02-16 00:57:11]: ESXiController - VmConfigFile INFO                 Section read: snorby-analytics
[02-16 00:57:11]: ESXiController - VmConfigFile INFO                 Section read: attacker-kali
[02-16 00:57:11]: ESXiController - VmConfigFile INFO                 Section read: linux-arch-x64
[02-16 00:57:11]: ESXiController - VmConfigFile INFO                 Section read: linux-centos-x64
[02-16 00:57:11]: ESXiController - VmConfigFile INFO                 Section read: linux-debian-x64
[02-16 00:57:11]: ESXiController - VmConfigFile INFO                 Section read: linux-fedora-x64
[02-16 00:57:11]: ESXiController - VmConfigFile INFO                 Section read: linux-nebula-x64
[02-16 00:57:11]: ESXiController - VmConfigFile INFO                 Section read: linux-ubuntu-x64
[02-16 00:57:11]: ESXiController - VmConfigFile INFO                 Section read: win-7-x64
[02-16 00:57:11]: ESXiController - VmConfigFile INFO                 Section read: win-7-x86
[02-16 00:57:11]: ESXiController - VmConfigFile INFO                 Section read: win-8-x64
[02-16 00:57:11]: ESXiController - VmConfigFile INFO                 Section read: win-vista-x86
[02-16 00:57:11]: ESXiController - VmConfigFile INFO                 Section read: win-server-2008-x64
[02-16 00:57:11]: ESXiController - VmConfigFile INFO                 Section read: win-xp-pro-x64
[02-16 13:21:58]: ESXiController - VmConfigDatabase INFO                 Connecting to the mongoDB instance.
[02-16 13:21:58]: ESXiController - DatabaseInterface INFO                 Starting the mongdb daemon.
[02-16 13:21:58]: ESXiController - DatabaseInterface INFO                 The mongdb daemon started.
[02-16 13:22:00]: ESXiController - DatabaseInterface INFO                 Connected to the localhost server.
[02-16 13:22:00]: ESXiController - DatabaseInterface INFO                 Added a database: esxiControllerConfigs
[02-16 13:22:04]: ESXiController - VmConfigFile INFO                 Created a config parser object.
[02-16 13:22:04]: ESXiController - VmConfigFile INFO                 Reading table of configurations.
[02-16 13:22:04]: ESXiController - VmConfigFile INFO                 Loaded the possible configurations.
[02-16 13:22:04]: ESXiController - VmConfigFile INFO                 
 ========================================================== 
[+] name:           default
[+] created:        02/12/2015
[+] location:       configurations/malware_template.conf

 ========================================================== 

[02-16 13:22:04]: ESXiController - VmConfigFile INFO                 Current favorite set to: default
[02-16 14:02:53]: ESXiController - VmConfigFile INFO                 Read the config file: configurations/malware_template.conf
[02-16 14:02:53]: ESXiController - VmConfigFile INFO                 File size:      9409

[02-16 14:02:53]: ESXiController - VmConfigFile INFO                 Section read: attributes
[02-16 14:02:53]: ESXiController - VmConfigFile INFO                 Section read: controller
[02-16 14:02:53]: ESXiController - VmConfigFile INFO                 Section read: cuckoo-analytics
[02-16 14:02:53]: ESXiController - VmConfigFile INFO                 Section read: remnux-analytics
[02-16 14:02:53]: ESXiController - VmConfigFile INFO                 Section read: security-analytics
[02-16 14:02:53]: ESXiController - VmConfigFile INFO                 Section read: snorby-analytics
[02-16 14:02:53]: ESXiController - VmConfigFile INFO                 Section read: attacker-kali
[02-16 14:02:53]: ESXiController - VmConfigFile INFO                 Section read: linux-arch-x64
[02-16 14:02:53]: ESXiController - VmConfigFile INFO                 Section read: linux-centos-x64
[02-16 14:02:53]: ESXiController - VmConfigFile INFO                 Section read: linux-debian-x64
[02-16 14:02:53]: ESXiController - VmConfigFile INFO                 Section read: linux-fedora-x64
[02-16 14:02:53]: ESXiController - VmConfigFile INFO                 Section read: linux-nebula-x64
[02-16 14:02:53]: ESXiController - VmConfigFile INFO                 Section read: linux-ubuntu-x64
[02-16 14:02:53]: ESXiController - VmConfigFile INFO                 Section read: win-7-x64
[02-16 14:02:53]: ESXiController - VmConfigFile INFO                 Section read: win-7-x86
[02-16 14:02:53]: ESXiController - VmConfigFile INFO                 Section read: win-8-x64
[02-16 14:02:53]: ESXiController - VmConfigFile INFO                 Section read: win-vista-x86
[02-16 14:02:53]: ESXiController - VmConfigFile INFO                 Section read: win-server-2008-x64
[02-16 14:02:53]: ESXiController - VmConfigFile INFO                 Section read: win-xp-pro-x64
[02-16 14:06:09]: ESXiController - VmConfigDatabase INFO                 Connecting to the mongoDB instance.
[02-16 14:06:09]: ESXiController - DatabaseInterface INFO                 Starting the mongdb daemon.
[02-16 14:06:09]: ESXiController - DatabaseInterface INFO                 The mongdb daemon started.
[02-16 14:06:11]: ESXiController - DatabaseInterface INFO                 Connected to the localhost server.
[02-16 14:06:11]: ESXiController - DatabaseInterface INFO                 Added a database: esxiControllerConfigs
[02-16 14:06:19]: ESXiController - VmConfigFile INFO                 Created a config parser object.
[02-16 14:06:19]: ESXiController - VmConfigFile INFO                 Reading table of configurations.
[02-16 14:06:19]: ESXiController - VmConfigFile INFO                 Loaded the possible configurations.
[02-16 14:06:19]: ESXiController - VmConfigFile INFO                 
 ========================================================== 
[+] name:           default
[+] created:        02/12/2015
[+] location:       configurations/malware_template.conf

 ========================================================== 

[02-16 14:06:19]: ESXiController - VmConfigFile INFO                 Current favorite set to: default
[02-16 14:06:29]: ESXiController - VmConfigFile INFO                 Read the config file: configurations/malware_template.conf
[02-16 14:06:29]: ESXiController - VmConfigFile INFO                 File size:      9409

[02-16 14:06:29]: ESXiController - VmConfigFile INFO                 Section read: attributes
[02-16 14:06:29]: ESXiController - VmConfigFile INFO                 Section read: controller
[02-16 14:06:29]: ESXiController - VmConfigFile INFO                 Section read: cuckoo-analytics
[02-16 14:06:29]: ESXiController - VmConfigFile INFO                 Section read: remnux-analytics
[02-16 14:06:29]: ESXiController - VmConfigFile INFO                 Section read: security-analytics
[02-16 14:06:29]: ESXiController - VmConfigFile INFO                 Section read: snorby-analytics
[02-16 14:06:29]: ESXiController - VmConfigFile INFO                 Section read: attacker-kali
[02-16 14:06:29]: ESXiController - VmConfigFile INFO                 Section read: linux-arch-x64
[02-16 14:06:29]: ESXiController - VmConfigFile INFO                 Section read: linux-centos-x64
[02-16 14:06:29]: ESXiController - VmConfigFile INFO                 Section read: linux-debian-x64
[02-16 14:06:29]: ESXiController - VmConfigFile INFO                 Section read: linux-fedora-x64
[02-16 14:06:29]: ESXiController - VmConfigFile INFO                 Section read: linux-nebula-x64
[02-16 14:06:29]: ESXiController - VmConfigFile INFO                 Section read: linux-ubuntu-x64
[02-16 14:06:29]: ESXiController - VmConfigFile INFO                 Section read: win-7-x64
[02-16 14:06:29]: ESXiController - VmConfigFile INFO                 Section read: win-7-x86
[02-16 14:06:29]: ESXiController - VmConfigFile INFO                 Section read: win-8-x64
[02-16 14:06:29]: ESXiController - VmConfigFile INFO                 Section read: win-vista-x86
[02-16 14:06:29]: ESXiController - VmConfigFile INFO                 Section read: win-server-2008-x64
[02-16 14:06:29]: ESXiController - VmConfigFile INFO                 Section read: win-xp-pro-x64
[02-16 14:13:15]: ESXiController - VmConfigDatabase INFO                 Connecting to the mongoDB instance.
[02-16 14:13:15]: ESXiController - DatabaseInterface INFO                 Starting the mongdb daemon.
[02-16 14:13:15]: ESXiController - DatabaseInterface INFO                 The mongdb daemon started.
[02-16 14:13:17]: ESXiController - DatabaseInterface INFO                 Connected to the localhost server.
[02-16 14:13:17]: ESXiController - DatabaseInterface INFO                 Added a database: esxiControllerConfigs
[02-16 14:13:25]: ESXiController - VmConfigFile INFO                 Created a config parser object.
[02-16 14:13:25]: ESXiController - VmConfigFile INFO                 Reading table of configurations.
[02-16 14:13:25]: ESXiController - VmConfigFile INFO                 Loaded the possible configurations.
[02-16 14:13:25]: ESXiController - VmConfigFile INFO                 
 ========================================================== 
[+] name:           default
[+] created:        02/12/2015
[+] location:       configurations/malware_template.conf

 ========================================================== 

[02-16 14:13:25]: ESXiController - VmConfigFile INFO                 Current favorite set to: default
[02-16 14:13:30]: ESXiController - VmConfigFile INFO                 Read the config file: configurations/malware_template.conf
[02-16 14:13:30]: ESXiController - VmConfigFile INFO                 File size:      9409

[02-16 14:13:30]: ESXiController - VmConfigFile INFO                 Section read: attributes
[02-16 14:13:30]: ESXiController - VmConfigFile INFO                 Section read: controller
[02-16 14:13:30]: ESXiController - VmConfigFile INFO                 Section read: cuckoo-analytics
[02-16 14:13:30]: ESXiController - VmConfigFile INFO                 Section read: remnux-analytics
[02-16 14:13:30]: ESXiController - VmConfigFile INFO                 Section read: security-analytics
[02-16 14:13:30]: ESXiController - VmConfigFile INFO                 Section read: snorby-analytics
[02-16 14:13:30]: ESXiController - VmConfigFile INFO                 Section read: attacker-kali
[02-16 14:13:30]: ESXiController - VmConfigFile INFO                 Section read: linux-arch-x64
[02-16 14:13:30]: ESXiController - VmConfigFile INFO                 Section read: linux-centos-x64
[02-16 14:13:30]: ESXiController - VmConfigFile INFO                 Section read: linux-debian-x64
[02-16 14:13:30]: ESXiController - VmConfigFile INFO                 Section read: linux-fedora-x64
[02-16 14:13:30]: ESXiController - VmConfigFile INFO                 Section read: linux-nebula-x64
[02-16 14:13:30]: ESXiController - VmConfigFile INFO                 Section read: linux-ubuntu-x64
[02-16 14:13:30]: ESXiController - VmConfigFile INFO                 Section read: win-7-x64
[02-16 14:13:30]: ESXiController - VmConfigFile INFO                 Section read: win-7-x86
[02-16 14:13:30]: ESXiController - VmConfigFile INFO                 Section read: win-8-x64
[02-16 14:13:30]: ESXiController - VmConfigFile INFO                 Section read: win-vista-x86
[02-16 14:13:30]: ESXiController - VmConfigFile INFO                 Section read: win-server-2008-x64
[02-16 14:13:30]: ESXiController - VmConfigFile INFO                 Section read: win-xp-pro-x64
[02-16 14:15:21]: ESXiController - VmConfigFile INFO                 Created a config parser object.
[02-16 14:15:21]: ESXiController - VmConfigFile INFO                 Reading table of configurations.
[02-16 14:15:21]: ESXiController - VmConfigFile INFO                 Loaded the possible configurations.
[02-16 14:15:21]: ESXiController - VmConfigFile INFO                 
 ========================================================== 
[+] name:           default
[+] created:        02/12/2015
[+] location:       configurations/malware_template.conf

 ========================================================== 

[02-16 14:15:21]: ESXiController - VmConfigFile INFO                 Current favorite set to: default
[02-16 14:15:26]: ESXiController - VmConfigDatabase INFO                 Connecting to the mongoDB instance.
[02-16 14:15:26]: ESXiController - DatabaseInterface INFO                 Starting the mongdb daemon.
[02-16 14:15:26]: ESXiController - DatabaseInterface INFO                 The mongdb daemon started.
[02-16 14:15:28]: ESXiController - DatabaseInterface INFO                 Connected to the localhost server.
[02-16 14:15:28]: ESXiController - DatabaseInterface INFO                 Added a database: esxiControllerConfigs
[02-16 14:15:34]: ESXiController - VmConfigFile INFO                 Read the config file: configurations/malware_template.conf
[02-16 14:15:34]: ESXiController - VmConfigFile INFO                 File size:      9409

[02-16 14:15:34]: ESXiController - VmConfigFile INFO                 Section read: attributes
[02-16 14:15:34]: ESXiController - VmConfigFile INFO                 Section read: controller
[02-16 14:15:34]: ESXiController - VmConfigFile INFO                 Section read: cuckoo-analytics
[02-16 14:15:34]: ESXiController - VmConfigFile INFO                 Section read: remnux-analytics
[02-16 14:15:34]: ESXiController - VmConfigFile INFO                 Section read: security-analytics
[02-16 14:15:34]: ESXiController - VmConfigFile INFO                 Section read: snorby-analytics
[02-16 14:15:34]: ESXiController - VmConfigFile INFO                 Section read: attacker-kali
[02-16 14:15:34]: ESXiController - VmConfigFile INFO                 Section read: linux-arch-x64
[02-16 14:15:34]: ESXiController - VmConfigFile INFO                 Section read: linux-centos-x64
[02-16 14:15:34]: ESXiController - VmConfigFile INFO                 Section read: linux-debian-x64
[02-16 14:15:34]: ESXiController - VmConfigFile INFO                 Section read: linux-fedora-x64
[02-16 14:15:34]: ESXiController - VmConfigFile INFO                 Section read: linux-nebula-x64
[02-16 14:15:34]: ESXiController - VmConfigFile INFO                 Section read: linux-ubuntu-x64
[02-16 14:15:34]: ESXiController - VmConfigFile INFO                 Section read: win-7-x64
[02-16 14:15:34]: ESXiController - VmConfigFile INFO                 Section read: win-7-x86
[02-16 14:15:34]: ESXiController - VmConfigFile INFO                 Section read: win-8-x64
[02-16 14:15:34]: ESXiController - VmConfigFile INFO                 Section read: win-vista-x86
[02-16 14:15:34]: ESXiController - VmConfigFile INFO                 Section read: win-server-2008-x64
[02-16 14:15:34]: ESXiController - VmConfigFile INFO                 Section read: win-xp-pro-x64
[02-16 14:16:54]: ESXiController - VmConfigFile INFO                 Created a config parser object.
[02-16 14:16:54]: ESXiController - VmConfigFile INFO                 Reading table of configurations.
[02-16 14:16:54]: ESXiController - VmConfigFile INFO                 Loaded the possible configurations.
[02-16 14:16:54]: ESXiController - VmConfigFile INFO                 
 ========================================================== 
[+] name:           default
[+] created:        02/12/2015
[+] location:       configurations/malware_template.conf

 ========================================================== 

[02-16 14:16:54]: ESXiController - VmConfigFile INFO                 Current favorite set to: default
[02-16 14:16:57]: ESXiController - VmConfigDatabase INFO                 Connecting to the mongoDB instance.
[02-16 14:16:57]: ESXiController - DatabaseInterface INFO                 Starting the mongdb daemon.
[02-16 14:16:57]: ESXiController - DatabaseInterface INFO                 The mongdb daemon started.
[02-16 14:16:59]: ESXiController - DatabaseInterface INFO                 Connected to the localhost server.
[02-16 14:16:59]: ESXiController - DatabaseInterface INFO                 Added a database: esxiControllerConfigs
[02-16 14:17:06]: ESXiController - VmConfigFile INFO                 Read the config file: configurations/malware_template.conf
[02-16 14:17:06]: ESXiController - VmConfigFile INFO                 File size:      9409

[02-16 14:17:06]: ESXiController - VmConfigFile INFO                 Section read: attributes
[02-16 14:17:06]: ESXiController - VmConfigFile INFO                 Section read: controller
[02-16 14:17:06]: ESXiController - VmConfigFile INFO                 Section read: cuckoo-analytics
[02-16 14:17:06]: ESXiController - VmConfigFile INFO                 Section read: remnux-analytics
[02-16 14:17:06]: ESXiController - VmConfigFile INFO                 Section read: security-analytics
[02-16 14:17:06]: ESXiController - VmConfigFile INFO                 Section read: snorby-analytics
[02-16 14:17:06]: ESXiController - VmConfigFile INFO                 Section read: attacker-kali
[02-16 14:17:06]: ESXiController - VmConfigFile INFO                 Section read: linux-arch-x64
[02-16 14:17:06]: ESXiController - VmConfigFile INFO                 Section read: linux-centos-x64
[02-16 14:17:06]: ESXiController - VmConfigFile INFO                 Section read: linux-debian-x64
[02-16 14:17:06]: ESXiController - VmConfigFile INFO                 Section read: linux-fedora-x64
[02-16 14:17:06]: ESXiController - VmConfigFile INFO                 Section read: linux-nebula-x64
[02-16 14:17:06]: ESXiController - VmConfigFile INFO                 Section read: linux-ubuntu-x64
[02-16 14:17:06]: ESXiController - VmConfigFile INFO                 Section read: win-7-x64
[02-16 14:17:06]: ESXiController - VmConfigFile INFO                 Section read: win-7-x86
[02-16 14:17:06]: ESXiController - VmConfigFile INFO                 Section read: win-8-x64
[02-16 14:17:06]: ESXiController - VmConfigFile INFO                 Section read: win-vista-x86
[02-16 14:17:06]: ESXiController - VmConfigFile INFO                 Section read: win-server-2008-x64
[02-16 14:17:06]: ESXiController - VmConfigFile INFO                 Section read: win-xp-pro-x64
[02-16 14:18:34]: ESXiController - VmConfigDatabase INFO                 Connecting to the mongoDB instance.
[02-16 14:18:34]: ESXiController - DatabaseInterface INFO                 Starting the mongdb daemon.
[02-16 14:18:34]: ESXiController - DatabaseInterface INFO                 The mongdb daemon started.
[02-16 14:18:36]: ESXiController - DatabaseInterface INFO                 Connected to the localhost server.
[02-16 14:18:36]: ESXiController - DatabaseInterface INFO                 Added a database: esxiControllerConfigs
[02-16 14:18:38]: ESXiController - VmConfigFile INFO                 Created a config parser object.
[02-16 14:18:38]: ESXiController - VmConfigFile INFO                 Reading table of configurations.
[02-16 14:18:38]: ESXiController - VmConfigFile INFO                 Loaded the possible configurations.
[02-16 14:18:38]: ESXiController - VmConfigFile INFO                 
 ========================================================== 
[+] name:           default
[+] created:        02/12/2015
[+] location:       configurations/malware_template.conf

 ========================================================== 

[02-16 14:18:38]: ESXiController - VmConfigFile INFO                 Current favorite set to: default
[02-16 14:18:43]: ESXiController - VmConfigFile INFO                 Read the config file: configurations/malware_template.conf
[02-16 14:18:43]: ESXiController - VmConfigFile INFO                 File size:      9409

[02-16 14:18:43]: ESXiController - VmConfigFile INFO                 Section read: attributes
[02-16 14:18:43]: ESXiController - VmConfigFile INFO                 Section read: controller
[02-16 14:18:43]: ESXiController - VmConfigFile INFO                 Section read: cuckoo-analytics
[02-16 14:18:43]: ESXiController - VmConfigFile INFO                 Section read: remnux-analytics
[02-16 14:18:43]: ESXiController - VmConfigFile INFO                 Section read: security-analytics
[02-16 14:18:43]: ESXiController - VmConfigFile INFO                 Section read: snorby-analytics
[02-16 14:18:43]: ESXiController - VmConfigFile INFO                 Section read: attacker-kali
[02-16 14:18:43]: ESXiController - VmConfigFile INFO                 Section read: linux-arch-x64
[02-16 14:18:43]: ESXiController - VmConfigFile INFO                 Section read: linux-centos-x64
[02-16 14:18:43]: ESXiController - VmConfigFile INFO                 Section read: linux-debian-x64
[02-16 14:18:43]: ESXiController - VmConfigFile INFO                 Section read: linux-fedora-x64
[02-16 14:18:43]: ESXiController - VmConfigFile INFO                 Section read: linux-nebula-x64
[02-16 14:18:43]: ESXiController - VmConfigFile INFO                 Section read: linux-ubuntu-x64
[02-16 14:18:43]: ESXiController - VmConfigFile INFO                 Section read: win-7-x64
[02-16 14:18:43]: ESXiController - VmConfigFile INFO                 Section read: win-7-x86
[02-16 14:18:43]: ESXiController - VmConfigFile INFO                 Section read: win-8-x64
[02-16 14:18:43]: ESXiController - VmConfigFile INFO                 Section read: win-vista-x86
[02-16 14:18:43]: ESXiController - VmConfigFile INFO                 Section read: win-server-2008-x64
[02-16 14:18:43]: ESXiController - VmConfigFile INFO                 Section read: win-xp-pro-x64
[02-16 14:21:25]: ESXiController - VmConfigDatabase INFO                 Connecting to the mongoDB instance.
[02-16 14:21:25]: ESXiController - DatabaseInterface INFO                 Starting the mongdb daemon.
[02-16 14:21:25]: ESXiController - DatabaseInterface INFO                 The mongdb daemon started.
[02-16 14:21:27]: ESXiController - DatabaseInterface INFO                 Connected to the localhost server.
[02-16 14:21:27]: ESXiController - DatabaseInterface INFO                 Added a database: esxiControllerConfigs
[02-16 14:25:34]: ESXiController - VmConfigFile INFO                 Created a config parser object.
[02-16 14:25:34]: ESXiController - VmConfigFile INFO                 Reading table of configurations.
[02-16 14:25:34]: ESXiController - VmConfigFile INFO                 Loaded the possible configurations.
[02-16 14:25:34]: ESXiController - VmConfigFile INFO                 
 ========================================================== 
[+] name:           default
[+] created:        02/12/2015
[+] location:       configurations/malware_template.conf

 ========================================================== 

[02-16 14:25:34]: ESXiController - VmConfigFile INFO                 Current favorite set to: default
[02-16 14:25:40]: ESXiController - VmConfigFile INFO                 Read the config file: configurations/malware_template.conf
[02-16 14:25:40]: ESXiController - VmConfigFile INFO                 File size:      9409

[02-16 14:25:40]: ESXiController - VmConfigFile INFO                 Section read: attributes
[02-16 14:25:40]: ESXiController - VmConfigFile INFO                 Section read: controller
[02-16 14:25:40]: ESXiController - VmConfigFile INFO                 Section read: cuckoo-analytics
[02-16 14:25:40]: ESXiController - VmConfigFile INFO                 Section read: remnux-analytics
[02-16 14:25:40]: ESXiController - VmConfigFile INFO                 Section read: security-analytics
[02-16 14:25:40]: ESXiController - VmConfigFile INFO                 Section read: snorby-analytics
[02-16 14:25:40]: ESXiController - VmConfigFile INFO                 Section read: attacker-kali
[02-16 14:25:40]: ESXiController - VmConfigFile INFO                 Section read: linux-arch-x64
[02-16 14:25:40]: ESXiController - VmConfigFile INFO                 Section read: linux-centos-x64
[02-16 14:25:40]: ESXiController - VmConfigFile INFO                 Section read: linux-debian-x64
[02-16 14:25:40]: ESXiController - VmConfigFile INFO                 Section read: linux-fedora-x64
[02-16 14:25:40]: ESXiController - VmConfigFile INFO                 Section read: linux-nebula-x64
[02-16 14:25:40]: ESXiController - VmConfigFile INFO                 Section read: linux-ubuntu-x64
[02-16 14:25:40]: ESXiController - VmConfigFile INFO                 Section read: win-7-x64
[02-16 14:25:40]: ESXiController - VmConfigFile INFO                 Section read: win-7-x86
[02-16 14:25:40]: ESXiController - VmConfigFile INFO                 Section read: win-8-x64
[02-16 14:25:40]: ESXiController - VmConfigFile INFO                 Section read: win-vista-x86
[02-16 14:25:40]: ESXiController - VmConfigFile INFO                 Section read: win-server-2008-x64
[02-16 14:25:40]: ESXiController - VmConfigFile INFO                 Section read: win-xp-pro-x64
[02-16 14:28:36]: ESXiController - VmConfigDatabase INFO                 Created a new entry: default in collection: home-configs
[02-16 14:37:09]: ESXiController - VmConfigDatabase INFO                 Connecting to the mongoDB instance.
[02-16 14:37:09]: ESXiController - DatabaseInterface INFO                 Starting the mongdb daemon.
[02-16 14:37:09]: ESXiController - DatabaseInterface INFO                 The mongdb daemon started.
[02-16 14:37:11]: ESXiController - DatabaseInterface INFO                 Connected to the localhost server.
[02-16 14:37:11]: ESXiController - DatabaseInterface INFO                 Added a database: esxiControllerConfigs
[02-16 14:37:11]: ESXiController - DatabaseInterface INFO                 Added a collection: favorite-config
[02-16 14:37:11]: ESXiController - DatabaseInterface INFO                 Added a collection: config-indexes
[02-16 14:37:11]: ESXiController - DatabaseInterface INFO                 Added a collection: attack-configs
[02-16 14:37:11]: ESXiController - DatabaseInterface INFO                 Added a collection: analysis-configs
[02-16 14:37:11]: ESXiController - DatabaseInterface INFO                 Added a collection: home-configs
[02-16 14:37:18]: ESXiController - VmConfigFile INFO                 Created a config parser object.
[02-16 14:37:18]: ESXiController - VmConfigFile INFO                 Reading table of configurations.
[02-16 14:37:18]: ESXiController - VmConfigFile INFO                 Loaded the possible configurations.
[02-16 14:37:18]: ESXiController - VmConfigFile INFO                 
 ========================================================== 
[+] name:           default
[+] created:        02/12/2015
[+] location:       configurations/malware_template.conf

 ========================================================== 

[02-16 14:37:18]: ESXiController - VmConfigFile INFO                 Current favorite set to: default
[02-16 14:37:27]: ESXiController - VmConfigFile INFO                 Read the config file: configurations/malware_template.conf
[02-16 14:37:27]: ESXiController - VmConfigFile INFO                 File size:      9409

[02-16 14:37:27]: ESXiController - VmConfigFile INFO                 Section read: attributes
[02-16 14:37:27]: ESXiController - VmConfigFile INFO                 Section read: controller
[02-16 14:37:27]: ESXiController - VmConfigFile INFO                 Section read: cuckoo-analytics
[02-16 14:37:27]: ESXiController - VmConfigFile INFO                 Section read: remnux-analytics
[02-16 14:37:27]: ESXiController - VmConfigFile INFO                 Section read: security-analytics
[02-16 14:37:27]: ESXiController - VmConfigFile INFO                 Section read: snorby-analytics
[02-16 14:37:27]: ESXiController - VmConfigFile INFO                 Section read: attacker-kali
[02-16 14:37:27]: ESXiController - VmConfigFile INFO                 Section read: linux-arch-x64
[02-16 14:37:27]: ESXiController - VmConfigFile INFO                 Section read: linux-centos-x64
[02-16 14:37:27]: ESXiController - VmConfigFile INFO                 Section read: linux-debian-x64
[02-16 14:37:27]: ESXiController - VmConfigFile INFO                 Section read: linux-fedora-x64
[02-16 14:37:27]: ESXiController - VmConfigFile INFO                 Section read: linux-nebula-x64
[02-16 14:37:27]: ESXiController - VmConfigFile INFO                 Section read: linux-ubuntu-x64
[02-16 14:37:27]: ESXiController - VmConfigFile INFO                 Section read: win-7-x64
[02-16 14:37:27]: ESXiController - VmConfigFile INFO                 Section read: win-7-x86
[02-16 14:37:27]: ESXiController - VmConfigFile INFO                 Section read: win-8-x64
[02-16 14:37:27]: ESXiController - VmConfigFile INFO                 Section read: win-vista-x86
[02-16 14:37:27]: ESXiController - VmConfigFile INFO                 Section read: win-server-2008-x64
[02-16 14:37:27]: ESXiController - VmConfigFile INFO                 Section read: win-xp-pro-x64
[02-16 14:37:45]: ESXiController - DatabaseInterface INFO                 The name < default > already exists, choose another.
[02-16 14:37:45]: ESXiController - VmConfigDatabase INFO                 Created a new entry: default in collection: home-configs
[02-16 14:38:54]: ESXiController - VmConfigDatabase INFO                 Connecting to the mongoDB instance.
[02-16 14:38:54]: ESXiController - DatabaseInterface INFO                 Starting the mongdb daemon.
[02-16 14:38:54]: ESXiController - DatabaseInterface INFO                 The mongdb daemon started.
[02-16 14:38:56]: ESXiController - DatabaseInterface INFO                 Connected to the localhost server.
[02-16 14:38:56]: ESXiController - DatabaseInterface INFO                 Added a database: esxiControllerConfigs
[02-16 14:38:57]: ESXiController - DatabaseInterface INFO                 Added a collection: favorite-config
[02-16 14:38:57]: ESXiController - DatabaseInterface INFO                 Added a collection: config-indexes
[02-16 14:38:57]: ESXiController - DatabaseInterface INFO                 Added a collection: attack-configs
[02-16 14:38:57]: ESXiController - DatabaseInterface INFO                 Added a collection: analysis-configs
[02-16 14:38:57]: ESXiController - DatabaseInterface INFO                 Added a collection: home-configs
[02-16 14:39:04]: ESXiController - VmConfigFile INFO                 Created a config parser object.
[02-16 14:39:04]: ESXiController - VmConfigFile INFO                 Reading table of configurations.
[02-16 14:39:04]: ESXiController - VmConfigFile INFO                 Loaded the possible configurations.
[02-16 14:39:04]: ESXiController - VmConfigFile INFO                 
 ========================================================== 
[+] name:           default
[+] created:        02/12/2015
[+] location:       configurations/malware_template.conf

 ========================================================== 

[02-16 14:39:04]: ESXiController - VmConfigFile INFO                 Current favorite set to: default
[02-16 14:39:13]: ESXiController - VmConfigFile INFO                 Read the config file: configurations/malware_template.conf
[02-16 14:39:13]: ESXiController - VmConfigFile INFO                 File size:      9409

[02-16 14:39:13]: ESXiController - VmConfigFile INFO                 Section read: attributes
[02-16 14:39:13]: ESXiController - VmConfigFile INFO                 Section read: controller
[02-16 14:39:13]: ESXiController - VmConfigFile INFO                 Section read: cuckoo-analytics
[02-16 14:39:13]: ESXiController - VmConfigFile INFO                 Section read: remnux-analytics
[02-16 14:39:13]: ESXiController - VmConfigFile INFO                 Section read: security-analytics
[02-16 14:39:13]: ESXiController - VmConfigFile INFO                 Section read: snorby-analytics
[02-16 14:39:13]: ESXiController - VmConfigFile INFO                 Section read: attacker-kali
[02-16 14:39:13]: ESXiController - VmConfigFile INFO                 Section read: linux-arch-x64
[02-16 14:39:13]: ESXiController - VmConfigFile INFO                 Section read: linux-centos-x64
[02-16 14:39:13]: ESXiController - VmConfigFile INFO                 Section read: linux-debian-x64
[02-16 14:39:13]: ESXiController - VmConfigFile INFO                 Section read: linux-fedora-x64
[02-16 14:39:13]: ESXiController - VmConfigFile INFO                 Section read: linux-nebula-x64
[02-16 14:39:13]: ESXiController - VmConfigFile INFO                 Section read: linux-ubuntu-x64
[02-16 14:39:13]: ESXiController - VmConfigFile INFO                 Section read: win-7-x64
[02-16 14:39:13]: ESXiController - VmConfigFile INFO                 Section read: win-7-x86
[02-16 14:39:13]: ESXiController - VmConfigFile INFO                 Section read: win-8-x64
[02-16 14:39:13]: ESXiController - VmConfigFile INFO                 Section read: win-vista-x86
[02-16 14:39:13]: ESXiController - VmConfigFile INFO                 Section read: win-server-2008-x64
[02-16 14:39:13]: ESXiController - VmConfigFile INFO                 Section read: win-xp-pro-x64
[02-16 14:39:43]: ESXiController - VmConfigDatabase INFO                 Created a new entry: default in collection: home-configs
[02-16 16:07:51]: ESXiController - VmConfigDatabase INFO                 Connecting to the mongoDB instance.
[02-16 16:07:51]: ESXiController - DatabaseInterface INFO                 Starting the mongdb daemon.
[02-16 16:07:51]: ESXiController - DatabaseInterface INFO                 The mongdb daemon started.
[02-16 16:07:53]: ESXiController - DatabaseInterface INFO                 Connected to the localhost server.
[02-16 16:07:53]: ESXiController - DatabaseInterface INFO                 Added a database: esxiControllerConfigs
[02-16 16:07:54]: ESXiController - VmConfigFile INFO                 Created a config parser object.
[02-16 16:07:54]: ESXiController - VmConfigFile INFO                 Reading table of configurations.
[02-16 16:07:54]: ESXiController - VmConfigFile INFO                 Loaded the possible configurations.
[02-16 16:07:54]: ESXiController - VmConfigFile INFO                 
 ========================================================== 
[+] name:           default
[+] created:        02/12/2015
[+] location:       configurations/malware_template.conf

 ========================================================== 

[02-16 16:07:54]: ESXiController - VmConfigFile INFO                 Current favorite set to: default
[02-16 16:07:58]: ESXiController - VmConfigFile INFO                 Read the config file: configurations/malware_template.conf
[02-16 16:07:58]: ESXiController - VmConfigFile INFO                 File size:      9409

[02-16 16:07:58]: ESXiController - VmConfigFile INFO                 Section read: attributes
[02-16 16:07:58]: ESXiController - VmConfigFile INFO                 Section read: controller
[02-16 16:07:58]: ESXiController - VmConfigFile INFO                 Section read: cuckoo-analytics
[02-16 16:07:58]: ESXiController - VmConfigFile INFO                 Section read: remnux-analytics
[02-16 16:07:58]: ESXiController - VmConfigFile INFO                 Section read: security-analytics
[02-16 16:07:58]: ESXiController - VmConfigFile INFO                 Section read: snorby-analytics
[02-16 16:07:58]: ESXiController - VmConfigFile INFO                 Section read: attacker-kali
[02-16 16:07:58]: ESXiController - VmConfigFile INFO                 Section read: linux-arch-x64
[02-16 16:07:58]: ESXiController - VmConfigFile INFO                 Section read: linux-centos-x64
[02-16 16:07:58]: ESXiController - VmConfigFile INFO                 Section read: linux-debian-x64
[02-16 16:07:58]: ESXiController - VmConfigFile INFO                 Section read: linux-fedora-x64
[02-16 16:07:58]: ESXiController - VmConfigFile INFO                 Section read: linux-nebula-x64
[02-16 16:07:58]: ESXiController - VmConfigFile INFO                 Section read: linux-ubuntu-x64
[02-16 16:07:58]: ESXiController - VmConfigFile INFO                 Section read: win-7-x64
[02-16 16:07:58]: ESXiController - VmConfigFile INFO                 Section read: win-7-x86
[02-16 16:07:58]: ESXiController - VmConfigFile INFO                 Section read: win-8-x64
[02-16 16:07:58]: ESXiController - VmConfigFile INFO                 Section read: win-vista-x86
[02-16 16:07:58]: ESXiController - VmConfigFile INFO                 Section read: win-server-2008-x64
[02-16 16:07:58]: ESXiController - VmConfigFile INFO                 Section read: win-xp-pro-x64
[02-16 16:08:26]: ESXiController - VmConfigDatabase INFO                 Created a new entry: default in collection: home-configs
[02-16 16:10:17]: ESXiController - VmConfigDatabase INFO                 Connecting to the mongoDB instance.
[02-16 16:10:17]: ESXiController - DatabaseInterface INFO                 Starting the mongdb daemon.
[02-16 16:10:17]: ESXiController - DatabaseInterface INFO                 The mongdb daemon started.
[02-16 16:10:19]: ESXiController - DatabaseInterface INFO                 Connected to the localhost server.
[02-16 16:10:19]: ESXiController - DatabaseInterface INFO                 Added a database: esxiControllerConfigs
[02-16 16:10:23]: ESXiController - VmConfigFile INFO                 Created a config parser object.
[02-16 16:10:23]: ESXiController - VmConfigFile INFO                 Reading table of configurations.
[02-16 16:10:23]: ESXiController - VmConfigFile INFO                 Loaded the possible configurations.
[02-16 16:10:23]: ESXiController - VmConfigFile INFO                 
 ========================================================== 
[+] name:           default
[+] created:        02/12/2015
[+] location:       configurations/malware_template.conf

 ========================================================== 

[02-16 16:10:23]: ESXiController - VmConfigFile INFO                 Current favorite set to: default
[02-16 16:10:27]: ESXiController - VmConfigFile INFO                 Read the config file: configurations/malware_template.conf
[02-16 16:10:27]: ESXiController - VmConfigFile INFO                 File size:      9409

[02-16 16:10:27]: ESXiController - VmConfigFile INFO                 Section read: attributes
[02-16 16:10:27]: ESXiController - VmConfigFile INFO                 Section read: controller
[02-16 16:10:27]: ESXiController - VmConfigFile INFO                 Section read: cuckoo-analytics
[02-16 16:10:27]: ESXiController - VmConfigFile INFO                 Section read: remnux-analytics
[02-16 16:10:27]: ESXiController - VmConfigFile INFO                 Section read: security-analytics
[02-16 16:10:27]: ESXiController - VmConfigFile INFO                 Section read: snorby-analytics
[02-16 16:10:27]: ESXiController - VmConfigFile INFO                 Section read: attacker-kali
[02-16 16:10:27]: ESXiController - VmConfigFile INFO                 Section read: linux-arch-x64
[02-16 16:10:27]: ESXiController - VmConfigFile INFO                 Section read: linux-centos-x64
[02-16 16:10:27]: ESXiController - VmConfigFile INFO                 Section read: linux-debian-x64
[02-16 16:10:27]: ESXiController - VmConfigFile INFO                 Section read: linux-fedora-x64
[02-16 16:10:27]: ESXiController - VmConfigFile INFO                 Section read: linux-nebula-x64
[02-16 16:10:27]: ESXiController - VmConfigFile INFO                 Section read: linux-ubuntu-x64
[02-16 16:10:27]: ESXiController - VmConfigFile INFO                 Section read: win-7-x64
[02-16 16:10:27]: ESXiController - VmConfigFile INFO                 Section read: win-7-x86
[02-16 16:10:27]: ESXiController - VmConfigFile INFO                 Section read: win-8-x64
[02-16 16:10:27]: ESXiController - VmConfigFile INFO                 Section read: win-vista-x86
[02-16 16:10:27]: ESXiController - VmConfigFile INFO                 Section read: win-server-2008-x64
[02-16 16:10:27]: ESXiController - VmConfigFile INFO                 Section read: win-xp-pro-x64
[02-16 16:10:37]: ESXiController - VmConfigDatabase INFO                 Created a new entry: default in collection: home-configs
[02-16 16:13:29]: ESXiController - VmConfigDatabase INFO                 Connecting to the mongoDB instance.
[02-16 16:13:29]: ESXiController - DatabaseInterface INFO                 Starting the mongdb daemon.
[02-16 16:13:29]: ESXiController - DatabaseInterface INFO                 The mongdb daemon started.
[02-16 16:13:31]: ESXiController - DatabaseInterface INFO                 Connected to the localhost server.
[02-16 16:13:31]: ESXiController - DatabaseInterface INFO                 Added a database: esxiControllerConfigs
[02-16 16:13:32]: ESXiController - VmConfigFile INFO                 Created a config parser object.
[02-16 16:13:32]: ESXiController - VmConfigFile INFO                 Reading table of configurations.
[02-16 16:13:32]: ESXiController - VmConfigFile INFO                 Loaded the possible configurations.
[02-16 16:13:32]: ESXiController - VmConfigFile INFO                 
 ========================================================== 
[+] name:           default
[+] created:        02/12/2015
[+] location:       configurations/malware_template.conf

 ========================================================== 

[02-16 16:13:32]: ESXiController - VmConfigFile INFO                 Current favorite set to: default
[02-16 16:13:37]: ESXiController - VmConfigFile INFO                 Read the config file: configurations/malware_template.conf
[02-16 16:13:37]: ESXiController - VmConfigFile INFO                 File size:      9409

[02-16 16:13:37]: ESXiController - VmConfigFile INFO                 Section read: attributes
[02-16 16:13:37]: ESXiController - VmConfigFile INFO                 Section read: controller
[02-16 16:13:37]: ESXiController - VmConfigFile INFO                 Section read: cuckoo-analytics
[02-16 16:13:37]: ESXiController - VmConfigFile INFO                 Section read: remnux-analytics
[02-16 16:13:37]: ESXiController - VmConfigFile INFO                 Section read: security-analytics
[02-16 16:13:37]: ESXiController - VmConfigFile INFO                 Section read: snorby-analytics
[02-16 16:13:37]: ESXiController - VmConfigFile INFO                 Section read: attacker-kali
[02-16 16:13:37]: ESXiController - VmConfigFile INFO                 Section read: linux-arch-x64
[02-16 16:13:37]: ESXiController - VmConfigFile INFO                 Section read: linux-centos-x64
[02-16 16:13:37]: ESXiController - VmConfigFile INFO                 Section read: linux-debian-x64
[02-16 16:13:37]: ESXiController - VmConfigFile INFO                 Section read: linux-fedora-x64
[02-16 16:13:37]: ESXiController - VmConfigFile INFO                 Section read: linux-nebula-x64
[02-16 16:13:37]: ESXiController - VmConfigFile INFO                 Section read: linux-ubuntu-x64
[02-16 16:13:37]: ESXiController - VmConfigFile INFO                 Section read: win-7-x64
[02-16 16:13:37]: ESXiController - VmConfigFile INFO                 Section read: win-7-x86
[02-16 16:13:37]: ESXiController - VmConfigFile INFO                 Section read: win-8-x64
[02-16 16:13:37]: ESXiController - VmConfigFile INFO                 Section read: win-vista-x86
[02-16 16:13:37]: ESXiController - VmConfigFile INFO                 Section read: win-server-2008-x64
[02-16 16:13:37]: ESXiController - VmConfigFile INFO                 Section read: win-xp-pro-x64
[02-16 16:17:33]: ESXiController - VmConfigDatabase INFO                 Connecting to the mongoDB instance.
[02-16 16:17:33]: ESXiController - DatabaseInterface INFO                 Starting the mongdb daemon.
[02-16 16:17:33]: ESXiController - DatabaseInterface INFO                 The mongdb daemon started.
[02-16 16:17:35]: ESXiController - DatabaseInterface INFO                 Connected to the localhost server.
[02-16 16:17:35]: ESXiController - DatabaseInterface INFO                 Added a database: esxiControllerConfigs
[02-16 16:17:35]: ESXiController - DatabaseInterface INFO                 Added a collection: favorite-config
[02-16 16:17:35]: ESXiController - DatabaseInterface INFO                 Added a collection: config-indexes
[02-16 16:17:35]: ESXiController - DatabaseInterface INFO                 Added a collection: attack-configs
[02-16 16:17:35]: ESXiController - DatabaseInterface INFO                 Added a collection: analysis-configs
[02-16 16:17:35]: ESXiController - DatabaseInterface INFO                 Added a collection: home-configs
[02-16 16:17:38]: ESXiController - VmConfigFile INFO                 Created a config parser object.
[02-16 16:17:38]: ESXiController - VmConfigFile INFO                 Reading table of configurations.
[02-16 16:17:38]: ESXiController - VmConfigFile INFO                 Loaded the possible configurations.
[02-16 16:17:38]: ESXiController - VmConfigFile INFO                 
 ========================================================== 
[+] name:           default
[+] created:        02/12/2015
[+] location:       configurations/malware_template.conf

 ========================================================== 

[02-16 16:17:38]: ESXiController - VmConfigFile INFO                 Current favorite set to: default
[02-16 16:17:45]: ESXiController - VmConfigFile INFO                 Read the config file: configurations/malware_template.conf
[02-16 16:17:45]: ESXiController - VmConfigFile INFO                 File size:      9409

[02-16 16:17:45]: ESXiController - VmConfigFile INFO                 Section read: attributes
[02-16 16:17:45]: ESXiController - VmConfigFile INFO                 Section read: controller
[02-16 16:17:45]: ESXiController - VmConfigFile INFO                 Section read: cuckoo-analytics
[02-16 16:17:45]: ESXiController - VmConfigFile INFO                 Section read: remnux-analytics
[02-16 16:17:45]: ESXiController - VmConfigFile INFO                 Section read: security-analytics
[02-16 16:17:45]: ESXiController - VmConfigFile INFO                 Section read: snorby-analytics
[02-16 16:17:45]: ESXiController - VmConfigFile INFO                 Section read: attacker-kali
[02-16 16:17:45]: ESXiController - VmConfigFile INFO                 Section read: linux-arch-x64
[02-16 16:17:45]: ESXiController - VmConfigFile INFO                 Section read: linux-centos-x64
[02-16 16:17:45]: ESXiController - VmConfigFile INFO                 Section read: linux-debian-x64
[02-16 16:17:45]: ESXiController - VmConfigFile INFO                 Section read: linux-fedora-x64
[02-16 16:17:45]: ESXiController - VmConfigFile INFO                 Section read: linux-nebula-x64
[02-16 16:17:45]: ESXiController - VmConfigFile INFO                 Section read: linux-ubuntu-x64
[02-16 16:17:45]: ESXiController - VmConfigFile INFO                 Section read: win-7-x64
[02-16 16:17:45]: ESXiController - VmConfigFile INFO                 Section read: win-7-x86
[02-16 16:17:45]: ESXiController - VmConfigFile INFO                 Section read: win-8-x64
[02-16 16:17:45]: ESXiController - VmConfigFile INFO                 Section read: win-vista-x86
[02-16 16:17:45]: ESXiController - VmConfigFile INFO                 Section read: win-server-2008-x64
[02-16 16:17:45]: ESXiController - VmConfigFile INFO                 Section read: win-xp-pro-x64
[02-16 16:18:22]: ESXiController - VmConfigDatabase INFO                 Created a new entry: default in collection: home-configs
[02-16 16:21:54]: ESXiController - VmConfigDatabase INFO                 Connecting to the mongoDB instance.
[02-16 16:21:54]: ESXiController - DatabaseInterface INFO                 Starting the mongdb daemon.
[02-16 16:21:54]: ESXiController - DatabaseInterface INFO                 The mongdb daemon started.
[02-16 16:21:56]: ESXiController - DatabaseInterface INFO                 Connected to the localhost server.
[02-16 16:21:56]: ESXiController - DatabaseInterface INFO                 Added a database: esxiControllerConfigs
[02-16 16:22:02]: ESXiController - VmConfigFile INFO                 Created a config parser object.
[02-16 16:22:02]: ESXiController - VmConfigFile INFO                 Reading table of configurations.
[02-16 16:22:02]: ESXiController - VmConfigFile INFO                 Loaded the possible configurations.
[02-16 16:22:02]: ESXiController - VmConfigFile INFO                 
 ========================================================== 
[+] name:           default
[+] created:        02/12/2015
[+] location:       configurations/malware_template.conf

 ========================================================== 

[02-16 16:22:02]: ESXiController - VmConfigFile INFO                 Current favorite set to: default
[02-16 16:22:08]: ESXiController - VmConfigFile INFO                 Read the config file: configurations/malware_template.conf
[02-16 16:22:08]: ESXiController - VmConfigFile INFO                 File size:      9409

[02-16 16:22:08]: ESXiController - VmConfigFile INFO                 Section read: attributes
[02-16 16:22:08]: ESXiController - VmConfigFile INFO                 Section read: controller
[02-16 16:22:08]: ESXiController - VmConfigFile INFO                 Section read: cuckoo-analytics
[02-16 16:22:08]: ESXiController - VmConfigFile INFO                 Section read: remnux-analytics
[02-16 16:22:08]: ESXiController - VmConfigFile INFO                 Section read: security-analytics
[02-16 16:22:08]: ESXiController - VmConfigFile INFO                 Section read: snorby-analytics
[02-16 16:22:08]: ESXiController - VmConfigFile INFO                 Section read: attacker-kali
[02-16 16:22:08]: ESXiController - VmConfigFile INFO                 Section read: linux-arch-x64
[02-16 16:22:08]: ESXiController - VmConfigFile INFO                 Section read: linux-centos-x64
[02-16 16:22:08]: ESXiController - VmConfigFile INFO                 Section read: linux-debian-x64
[02-16 16:22:08]: ESXiController - VmConfigFile INFO                 Section read: linux-fedora-x64
[02-16 16:22:08]: ESXiController - VmConfigFile INFO                 Section read: linux-nebula-x64
[02-16 16:22:08]: ESXiController - VmConfigFile INFO                 Section read: linux-ubuntu-x64
[02-16 16:22:08]: ESXiController - VmConfigFile INFO                 Section read: win-7-x64
[02-16 16:22:08]: ESXiController - VmConfigFile INFO                 Section read: win-7-x86
[02-16 16:22:08]: ESXiController - VmConfigFile INFO                 Section read: win-8-x64
[02-16 16:22:08]: ESXiController - VmConfigFile INFO                 Section read: win-vista-x86
[02-16 16:22:08]: ESXiController - VmConfigFile INFO                 Section read: win-server-2008-x64
[02-16 16:22:08]: ESXiController - VmConfigFile INFO                 Section read: win-xp-pro-x64
[02-16 16:30:39]: ESXiController - VmConfigDatabase INFO                 Connecting to the mongoDB instance.
[02-16 16:30:39]: ESXiController - DatabaseInterface INFO                 Starting the mongdb daemon.
[02-16 16:30:39]: ESXiController - DatabaseInterface INFO                 The mongdb daemon started.
[02-16 16:30:41]: ESXiController - DatabaseInterface INFO                 Connected to the localhost server.
[02-16 16:30:41]: ESXiController - DatabaseInterface INFO                 Added a database: esxiControllerConfigs
[02-16 16:30:48]: ESXiController - VmConfigFile INFO                 Created a config parser object.
[02-16 16:30:48]: ESXiController - VmConfigFile INFO                 Reading table of configurations.
[02-16 16:30:48]: ESXiController - VmConfigFile INFO                 Loaded the possible configurations.
[02-16 16:30:48]: ESXiController - VmConfigFile INFO                 
 ========================================================== 
[+] name:           default
[+] created:        02/12/2015
[+] location:       configurations/malware_template.conf

 ========================================================== 

[02-16 16:30:48]: ESXiController - VmConfigFile INFO                 Current favorite set to: default
[02-16 16:30:56]: ESXiController - VmConfigFile INFO                 Read the config file: configurations/malware_template.conf
[02-16 16:30:56]: ESXiController - VmConfigFile INFO                 File size:      9409

[02-16 16:30:56]: ESXiController - VmConfigFile INFO                 Section read: attributes
[02-16 16:30:56]: ESXiController - VmConfigFile INFO                 Section read: controller
[02-16 16:30:56]: ESXiController - VmConfigFile INFO                 Section read: cuckoo-analytics
[02-16 16:30:56]: ESXiController - VmConfigFile INFO                 Section read: remnux-analytics
[02-16 16:30:56]: ESXiController - VmConfigFile INFO                 Section read: security-analytics
[02-16 16:30:56]: ESXiController - VmConfigFile INFO                 Section read: snorby-analytics
[02-16 16:30:56]: ESXiController - VmConfigFile INFO                 Section read: attacker-kali
[02-16 16:30:56]: ESXiController - VmConfigFile INFO                 Section read: linux-arch-x64
[02-16 16:30:56]: ESXiController - VmConfigFile INFO                 Section read: linux-centos-x64
[02-16 16:30:56]: ESXiController - VmConfigFile INFO                 Section read: linux-debian-x64
[02-16 16:30:56]: ESXiController - VmConfigFile INFO                 Section read: linux-fedora-x64
[02-16 16:30:56]: ESXiController - VmConfigFile INFO                 Section read: linux-nebula-x64
[02-16 16:30:56]: ESXiController - VmConfigFile INFO                 Section read: linux-ubuntu-x64
[02-16 16:30:56]: ESXiController - VmConfigFile INFO                 Section read: win-7-x64
[02-16 16:30:56]: ESXiController - VmConfigFile INFO                 Section read: win-7-x86
[02-16 16:30:56]: ESXiController - VmConfigFile INFO                 Section read: win-8-x64
[02-16 16:30:56]: ESXiController - VmConfigFile INFO                 Section read: win-vista-x86
[02-16 16:30:56]: ESXiController - VmConfigFile INFO                 Section read: win-server-2008-x64
[02-16 16:30:56]: ESXiController - VmConfigFile INFO                 Section read: win-xp-pro-x64
[02-16 16:34:02]: ESXiController - VmConfigDatabase INFO                 Connecting to the mongoDB instance.
[02-16 16:34:02]: ESXiController - DatabaseInterface INFO                 Starting the mongdb daemon.
[02-16 16:34:02]: ESXiController - DatabaseInterface INFO                 The mongdb daemon started.
[02-16 16:34:04]: ESXiController - DatabaseInterface INFO                 Connected to the localhost server.
[02-16 16:34:04]: ESXiController - DatabaseInterface INFO                 Added a database: esxiControllerConfigs
[02-16 16:34:05]: ESXiController - DatabaseInterface INFO                 Added a collection: favorite-config
[02-16 16:34:05]: ESXiController - DatabaseInterface INFO                 Added a collection: config-indexes
[02-16 16:34:05]: ESXiController - DatabaseInterface INFO                 Added a collection: attack-configs
[02-16 16:34:05]: ESXiController - DatabaseInterface INFO                 Added a collection: analysis-configs
[02-16 16:34:05]: ESXiController - DatabaseInterface INFO                 Added a collection: home-configs
[02-16 16:34:11]: ESXiController - VmConfigFile INFO                 Created a config parser object.
[02-16 16:34:11]: ESXiController - VmConfigFile INFO                 Reading table of configurations.
[02-16 16:34:11]: ESXiController - VmConfigFile INFO                 Loaded the possible configurations.
[02-16 16:34:11]: ESXiController - VmConfigFile INFO                 
 ========================================================== 
[+] name:           default
[+] created:        02/12/2015
[+] location:       configurations/malware_template.conf

 ========================================================== 

[02-16 16:34:11]: ESXiController - VmConfigFile INFO                 Current favorite set to: default
[02-16 16:34:18]: ESXiController - VmConfigFile INFO                 Read the config file: configurations/malware_template.conf
[02-16 16:34:18]: ESXiController - VmConfigFile INFO                 File size:      9409

[02-16 16:34:18]: ESXiController - VmConfigFile INFO                 Section read: attributes
[02-16 16:34:18]: ESXiController - VmConfigFile INFO                 Section read: controller
[02-16 16:34:18]: ESXiController - VmConfigFile INFO                 Section read: cuckoo-analytics
[02-16 16:34:18]: ESXiController - VmConfigFile INFO                 Section read: remnux-analytics
[02-16 16:34:18]: ESXiController - VmConfigFile INFO                 Section read: security-analytics
[02-16 16:34:18]: ESXiController - VmConfigFile INFO                 Section read: snorby-analytics
[02-16 16:34:18]: ESXiController - VmConfigFile INFO                 Section read: attacker-kali
[02-16 16:34:18]: ESXiController - VmConfigFile INFO                 Section read: linux-arch-x64
[02-16 16:34:18]: ESXiController - VmConfigFile INFO                 Section read: linux-centos-x64
[02-16 16:34:18]: ESXiController - VmConfigFile INFO                 Section read: linux-debian-x64
[02-16 16:34:18]: ESXiController - VmConfigFile INFO                 Section read: linux-fedora-x64
[02-16 16:34:18]: ESXiController - VmConfigFile INFO                 Section read: linux-nebula-x64
[02-16 16:34:18]: ESXiController - VmConfigFile INFO                 Section read: linux-ubuntu-x64
[02-16 16:34:18]: ESXiController - VmConfigFile INFO                 Section read: win-7-x64
[02-16 16:34:18]: ESXiController - VmConfigFile INFO                 Section read: win-7-x86
[02-16 16:34:18]: ESXiController - VmConfigFile INFO                 Section read: win-8-x64
[02-16 16:34:18]: ESXiController - VmConfigFile INFO                 Section read: win-vista-x86
[02-16 16:34:18]: ESXiController - VmConfigFile INFO                 Section read: win-server-2008-x64
[02-16 16:34:18]: ESXiController - VmConfigFile INFO                 Section read: win-xp-pro-x64
[02-16 16:38:27]: ESXiController - DatabaseInterface INFO                 The name < default > already exists, choose another.
[02-16 16:38:27]: ESXiController - VmConfigDatabase INFO                 Created a new entry: default in collection: home-configs
[02-16 16:40:40]: ESXiController - VmConfigDatabase INFO                 Connecting to the mongoDB instance.
[02-16 16:40:40]: ESXiController - DatabaseInterface INFO                 Starting the mongdb daemon.
[02-16 16:40:40]: ESXiController - DatabaseInterface INFO                 The mongdb daemon started.
[02-16 16:40:42]: ESXiController - DatabaseInterface INFO                 Connected to the localhost server.
[02-16 16:40:42]: ESXiController - DatabaseInterface INFO                 Added a database: esxiControllerConfigs
[02-16 16:40:48]: ESXiController - VmConfigFile INFO                 Created a config parser object.
[02-16 16:40:48]: ESXiController - VmConfigFile INFO                 Reading table of configurations.
[02-16 16:40:48]: ESXiController - VmConfigFile INFO                 Loaded the possible configurations.
[02-16 16:40:48]: ESXiController - VmConfigFile INFO                 
 ========================================================== 
[+] name:           default
[+] created:        02/12/2015
[+] location:       configurations/malware_template.conf

 ========================================================== 

[02-16 16:40:48]: ESXiController - VmConfigFile INFO                 Current favorite set to: default
[02-16 16:40:53]: ESXiController - VmConfigFile INFO                 Read the config file: configurations/malware_template.conf
[02-16 16:40:53]: ESXiController - VmConfigFile INFO                 File size:      9409

[02-16 16:40:53]: ESXiController - VmConfigFile INFO                 Section read: attributes
[02-16 16:40:53]: ESXiController - VmConfigFile INFO                 Section read: controller
[02-16 16:40:53]: ESXiController - VmConfigFile INFO                 Section read: cuckoo-analytics
[02-16 16:40:53]: ESXiController - VmConfigFile INFO                 Section read: remnux-analytics
[02-16 16:40:53]: ESXiController - VmConfigFile INFO                 Section read: security-analytics
[02-16 16:40:53]: ESXiController - VmConfigFile INFO                 Section read: snorby-analytics
[02-16 16:40:53]: ESXiController - VmConfigFile INFO                 Section read: attacker-kali
[02-16 16:40:53]: ESXiController - VmConfigFile INFO                 Section read: linux-arch-x64
[02-16 16:40:53]: ESXiController - VmConfigFile INFO                 Section read: linux-centos-x64
[02-16 16:40:53]: ESXiController - VmConfigFile INFO                 Section read: linux-debian-x64
[02-16 16:40:53]: ESXiController - VmConfigFile INFO                 Section read: linux-fedora-x64
[02-16 16:40:53]: ESXiController - VmConfigFile INFO                 Section read: linux-nebula-x64
[02-16 16:40:53]: ESXiController - VmConfigFile INFO                 Section read: linux-ubuntu-x64
[02-16 16:40:53]: ESXiController - VmConfigFile INFO                 Section read: win-7-x64
[02-16 16:40:53]: ESXiController - VmConfigFile INFO                 Section read: win-7-x86
[02-16 16:40:53]: ESXiController - VmConfigFile INFO                 Section read: win-8-x64
[02-16 16:40:53]: ESXiController - VmConfigFile INFO                 Section read: win-vista-x86
[02-16 16:40:53]: ESXiController - VmConfigFile INFO                 Section read: win-server-2008-x64
[02-16 16:40:53]: ESXiController - VmConfigFile INFO                 Section read: win-xp-pro-x64
[02-16 16:43:10]: ESXiController - DatabaseInterface INFO                 The name < default > already exists, choose another.
[02-16 16:43:10]: ESXiController - VmConfigDatabase INFO                 Duplicate entry...
