[02-12 19:05:28]: ESXiController - config_parser INFO                 Created a config parser object.
[02-12 19:05:28]: ESXiController - config_parser INFO                 Reading table of configurations.
[02-12 19:05:28]: ESXiController - config_parser INFO                 Loaded the possible configurations.
[02-12 19:05:28]: ESXiController - config_parser INFO                 
 ============================ 
[+] name:           default
[+] created:        02/12/2015
[+] location:       configurations/malware_template.conf
 ============================ 
[02-12 19:05:28]: ESXiController - config_parser INFO                 Current favorite set to: default
[02-12 19:05:36]: ESXiController - config_parser INFO                 Read the config file: configurations/malware_template.conf
[02-12 19:05:36]: ESXiController - config_parser INFO                 File size:      11789

[02-12 19:05:36]: ESXiController - config_parser INFO                 Section read: attributes
[02-12 19:05:36]: ESXiController - config_parser INFO                 Section read: controller
[02-12 19:05:36]: ESXiController - config_parser INFO                 Section read: cuckoo-analytics
[02-12 19:05:36]: ESXiController - config_parser INFO                 Section read: remnux-analytics
[02-12 19:05:36]: ESXiController - config_parser INFO                 Section read: security-analytics
[02-12 19:05:36]: ESXiController - config_parser INFO                 Section read: snorby-analytics
[02-12 19:05:36]: ESXiController - config_parser INFO                 Section read: attacker-kali
[02-12 19:05:36]: ESXiController - config_parser INFO                 Section read: linux-arch-x64
[02-12 19:05:36]: ESXiController - config_parser INFO                 Section read: linux-centos-x64
[02-12 19:05:36]: ESXiController - config_parser INFO                 Section read: linux-debian-x64
[02-12 19:05:36]: ESXiController - config_parser INFO                 Section read: linux-fedora-x64
[02-12 19:05:36]: ESXiController - config_parser INFO                 Section read: linux-nebula-x64
[02-12 19:05:36]: ESXiController - config_parser INFO                 Section read: linux-ubuntu-x64
[02-12 19:05:36]: ESXiController - config_parser INFO                 Section read: win-7-x64
[02-12 19:05:36]: ESXiController - config_parser INFO                 Section read: win-7-x86
[02-12 19:05:36]: ESXiController - config_parser INFO                 Section read: win-8-x64
[02-12 19:05:36]: ESXiController - config_parser INFO                 Section read: win-vista-x86
[02-12 19:05:36]: ESXiController - config_parser INFO                 Section read: win-server-2008-x64
[02-12 19:05:36]: ESXiController - config_parser INFO                 Section read: win-xp-pro-x64
[02-12 19:05:43]: ESXiController - config_parser INFO                 Printing out formatted settings: 
[02-12 19:05:43]: ESXiController - config_parser INFO                 
 ============================ 
[+] name:           win-7-x86
[+] platform        Windows
[+] backup          True
[+] snapshot        base_snapshot
[+] architecture    x86
[+] name            win-7-x86
 ============================ 
[02-12 19:05:43]: ESXiController - config_parser INFO                 
 ============================ 
[+] name:           linux-ubuntu-x64
[+] platform        Linux
[+] backup          True
[+] snapshot        base_snapshot
[+] architecture    x64
[+] name            linux-ubuntu-x64
 ============================ 
[02-12 19:05:43]: ESXiController - config_parser INFO                 
 ============================ 
[+] name:           win-xp-pro-x64
[+] platform        Windows
[+] backup          True
[+] snapshot        base_snapshot
[+] architecture    x64
[+] name            win-xp-pro-x64
 ============================ 
[02-12 19:05:43]: ESXiController - config_parser INFO                 
 ============================ 
[+] name:           remnux-analytics
[+] active          False
[+] backup          True
[+] snapshot        base_snapshot
[+] name            remnux-analytics
 ============================ 
[02-12 19:05:43]: ESXiController - config_parser INFO                 
 ============================ 
[+] name:           win-server-2008-x64
[+] platform        Windows
[+] backup          True
[+] snapshot        base_snapshot
[+] architecture    x64
[+] name            win-server-2008-x64
 ============================ 
[02-12 19:05:43]: ESXiController - config_parser INFO                 
 ============================ 
[+] name:           linux-arch-x64
[+] platform        Linux
[+] backup          True
[+] snapshot        base_snapshot
[+] architecture    x64
[+] name            linux-arch-x64
 ============================ 
[02-12 19:05:43]: ESXiController - config_parser INFO                 
 ============================ 
[+] name:           linux-debian-x64
[+] platform        Linux
[+] backup          True
[+] snapshot        base_snapshot
[+] architecture    x64
[+] name            linux-centos-x64
 ============================ 
[02-12 19:05:43]: ESXiController - config_parser INFO                 
 ============================ 
[+] name:           attacker-kali
[+] active          True
[+] snapshot        base_snapshot
[+] name            kali-linux
 ============================ 
[02-12 19:05:43]: ESXiController - config_parser INFO                 
 ============================ 
[+] name:           win-7-x64
[+] platform        Windows
[+] backup          True
[+] snapshot        base_snapshot
[+] architecture    x64
[+] name            win-7-x64
 ============================ 
[02-12 19:05:43]: ESXiController - config_parser INFO                 
 ============================ 
[+] name:           security-analytics
[+] active          False
[+] backup          True
[+] snapshot        base_snapshot
[+] name            security-analytics
 ============================ 
[02-12 19:05:43]: ESXiController - config_parser INFO                 
 ============================ 
[+] name:           controller
[+] active          True
[+] snapshot        base_snapshot
[+] name            controller
 ============================ 
[02-12 19:05:43]: ESXiController - config_parser INFO                 
 ============================ 
[+] name:           snorby-analytics
[+] active          False
[+] snapshot        base_snapshot
[+] name            security-analytics
 ============================ 
[02-12 19:05:43]: ESXiController - config_parser INFO                 
 ============================ 
[+] name:           linux-fedora-x64
[+] platform        Linux
[+] backup          True
[+] snapshot        base_snapshot
[+] architecture    x64
[+] name            linux-fedora-x64
 ============================ 
[02-12 19:05:43]: ESXiController - config_parser INFO                 
 ============================ 
[+] name:           linux-centos-x64
[+] platform        Linux
[+] backup          True
[+] snapshot        base_snapshot
[+] architecture    x64
[+] name            linux-centos-x64
 ============================ 
[02-12 19:05:43]: ESXiController - config_parser INFO                 
 ============================ 
[+] name:           cuckoo-analytics
[+] active          False
[+] snapshot        base_snapshot
[+] name            cuckoo-analytics
 ============================ 
[02-12 19:05:43]: ESXiController - config_parser INFO                 
 ============================ 
[+] name:           attributes
[+] name            default
 ============================ 
[02-12 19:05:43]: ESXiController - config_parser INFO                 
 ============================ 
[+] name:           win-vista-x86
[+] platform        Windows
[+] backup          True
[+] snapshot        base_snapshot
[+] architecture    x86
[+] name            win-vista-x86
 ============================ 
[02-12 19:05:43]: ESXiController - config_parser INFO                 
 ============================ 
[+] name:           linux-nebula-x64
[+] platform        Linux
[+] backup          True
[+] snapshot        base_snapshot
[+] architecture    x64
[+] name            linux-nebula-x64
 ============================ 
[02-12 19:05:43]: ESXiController - config_parser INFO                 
 ============================ 
[+] name:           win-8-x64
[+] platform        Windows
[+] backup          True
[+] snapshot        base_snapshot
[+] architecture    x64
[+] name            win-8-x64
 ============================ 
[02-12 19:05:58]: ESXiController - config_parser INFO                 
 ============================ 
[+] name:           default
[+] created:        02/12/2015
[+] location:       configurations/malware_template.conf
 ============================ 
[02-12 19:06:07]: ESXiController - config_parser INFO                 Printing out JSON formatted settings: 
[02-12 19:06:24]: ESXiController - config_parser INFO                 Set current config to: default
